2024-08-13T08:13:22.137+02:00  INFO 17124 --- [restartedMain] c.p.PerfumeOnlineStoreApplication        : Starting PerfumeOnlineStoreApplication using Java 22.0.2 with PID 17124 (C:\Users\eka\Desktop\online-perfume-shopping\backend\target\classes started by eka in C:\Users\eka\Desktop\online-perfume-shopping)
2024-08-13T08:13:22.153+02:00  INFO 17124 --- [restartedMain] c.p.PerfumeOnlineStoreApplication        : No active profile set, falling back to 1 default profile: "default"
2024-08-13T08:13:22.230+02:00  INFO 17124 --- [restartedMain] .e.DevToolsPropertyDefaultsPostProcessor : Devtools property defaults active! Set 'spring.devtools.add-properties' to 'false' to disable
2024-08-13T08:13:22.230+02:00  INFO 17124 --- [restartedMain] .e.DevToolsPropertyDefaultsPostProcessor : For additional web related logging consider setting the 'logging.level.web' property to 'DEBUG'
2024-08-13T08:13:23.530+02:00  INFO 17124 --- [restartedMain] .s.d.r.c.RepositoryConfigurationDelegate : Bootstrapping Spring Data JPA repositories in DEFAULT mode.
2024-08-13T08:13:23.666+02:00  INFO 17124 --- [restartedMain] .s.d.r.c.RepositoryConfigurationDelegate : Finished Spring Data repository scanning in 124 ms. Found 7 JPA repository interfaces.
2024-08-13T08:13:24.631+02:00  INFO 17124 --- [restartedMain] o.s.b.w.embedded.tomcat.TomcatWebServer  : Tomcat initialized with port 8088 (http)
2024-08-13T08:13:24.652+02:00  INFO 17124 --- [restartedMain] o.apache.catalina.core.StandardService   : Starting service [Tomcat]
2024-08-13T08:13:24.652+02:00  INFO 17124 --- [restartedMain] o.apache.catalina.core.StandardEngine    : Starting Servlet engine: [Apache Tomcat/10.1.25]
2024-08-13T08:13:24.732+02:00  INFO 17124 --- [restartedMain] o.a.c.c.C.[Tomcat].[localhost].[/]       : Initializing Spring embedded WebApplicationContext
2024-08-13T08:13:24.732+02:00  INFO 17124 --- [restartedMain] w.s.c.ServletWebServerApplicationContext : Root WebApplicationContext: initialization completed in 2501 ms
2024-08-13T08:13:24.929+02:00  INFO 17124 --- [restartedMain] o.hibernate.jpa.internal.util.LogHelper  : HHH000204: Processing PersistenceUnitInfo [name: default]
2024-08-13T08:13:25.015+02:00  INFO 17124 --- [restartedMain] org.hibernate.Version                    : HHH000412: Hibernate ORM core version 6.5.2.Final
2024-08-13T08:13:25.064+02:00  INFO 17124 --- [restartedMain] o.h.c.internal.RegionFactoryInitiator    : HHH000026: Second-level cache disabled
2024-08-13T08:13:25.485+02:00  INFO 17124 --- [restartedMain] o.s.o.j.p.SpringPersistenceUnitInfo      : No LoadTimeWeaver setup: ignoring JPA class transformer
2024-08-13T08:13:25.539+02:00  INFO 17124 --- [restartedMain] com.zaxxer.hikari.HikariDataSource       : HikariPool-1 - Starting...
2024-08-13T08:13:25.810+02:00  INFO 17124 --- [restartedMain] com.zaxxer.hikari.pool.HikariPool        : HikariPool-1 - Added connection org.postgresql.jdbc.PgConnection@5d83d1b7
2024-08-13T08:13:25.812+02:00  INFO 17124 --- [restartedMain] com.zaxxer.hikari.HikariDataSource       : HikariPool-1 - Start completed.
2024-08-13T08:13:25.882+02:00  WARN 17124 --- [restartedMain] org.hibernate.orm.deprecation            : HHH90000025: PostgreSQLDialect does not need to be specified explicitly using 'hibernate.dialect' (remove the property setting and it will be selected by default)
2024-08-13T08:13:27.153+02:00  INFO 17124 --- [restartedMain] o.h.e.t.j.p.i.JtaPlatformInitiator       : HHH000489: No JTA platform available (set 'hibernate.transaction.jta.platform' to enable JTA platform integration)
2024-08-13T08:13:27.175+02:00  WARN 17124 --- [restartedMain] o.h.engine.jdbc.spi.SqlExceptionHelper   : SQL Warning Code: 0, SQLState: 00000
2024-08-13T08:13:27.176+02:00  WARN 17124 --- [restartedMain] o.h.engine.jdbc.spi.SqlExceptionHelper   : relacja "order" nie istnieje, pominięto
2024-08-13T08:13:27.176+02:00  WARN 17124 --- [restartedMain] o.h.engine.jdbc.spi.SqlExceptionHelper   : SQL Warning Code: 0, SQLState: 00000
2024-08-13T08:13:27.178+02:00  WARN 17124 --- [restartedMain] o.h.engine.jdbc.spi.SqlExceptionHelper   : relacja "order_item" nie istnieje, pominięto
2024-08-13T08:13:27.178+02:00  WARN 17124 --- [restartedMain] o.h.engine.jdbc.spi.SqlExceptionHelper   : SQL Warning Code: 0, SQLState: 00000
2024-08-13T08:13:27.178+02:00  WARN 17124 --- [restartedMain] o.h.engine.jdbc.spi.SqlExceptionHelper   : relacja "order_item" nie istnieje, pominięto
2024-08-13T08:13:27.178+02:00  WARN 17124 --- [restartedMain] o.h.engine.jdbc.spi.SqlExceptionHelper   : SQL Warning Code: 0, SQLState: 00000
2024-08-13T08:13:27.178+02:00  WARN 17124 --- [restartedMain] o.h.engine.jdbc.spi.SqlExceptionHelper   : relacja "product" nie istnieje, pominięto
2024-08-13T08:13:27.179+02:00  WARN 17124 --- [restartedMain] o.h.engine.jdbc.spi.SqlExceptionHelper   : SQL Warning Code: 0, SQLState: 00000
2024-08-13T08:13:27.179+02:00  WARN 17124 --- [restartedMain] o.h.engine.jdbc.spi.SqlExceptionHelper   : relacja "product_discount" nie istnieje, pominięto
2024-08-13T08:13:27.180+02:00  WARN 17124 --- [restartedMain] o.h.engine.jdbc.spi.SqlExceptionHelper   : SQL Warning Code: 0, SQLState: 00000
2024-08-13T08:13:27.180+02:00  WARN 17124 --- [restartedMain] o.h.engine.jdbc.spi.SqlExceptionHelper   : relacja "product_discount" nie istnieje, pominięto
2024-08-13T08:13:27.183+02:00  WARN 17124 --- [restartedMain] o.h.engine.jdbc.spi.SqlExceptionHelper   : SQL Warning Code: 0, SQLState: 00000
2024-08-13T08:13:27.183+02:00  WARN 17124 --- [restartedMain] o.h.engine.jdbc.spi.SqlExceptionHelper   : tabela "category" nie istnieje, pominięto
2024-08-13T08:13:27.184+02:00  WARN 17124 --- [restartedMain] o.h.engine.jdbc.spi.SqlExceptionHelper   : SQL Warning Code: 0, SQLState: 00000
2024-08-13T08:13:27.184+02:00  WARN 17124 --- [restartedMain] o.h.engine.jdbc.spi.SqlExceptionHelper   : tabela "discount" nie istnieje, pominięto
2024-08-13T08:13:27.184+02:00  WARN 17124 --- [restartedMain] o.h.engine.jdbc.spi.SqlExceptionHelper   : SQL Warning Code: 0, SQLState: 00000
2024-08-13T08:13:27.184+02:00  WARN 17124 --- [restartedMain] o.h.engine.jdbc.spi.SqlExceptionHelper   : tabela "order" nie istnieje, pominięto
2024-08-13T08:13:27.185+02:00  WARN 17124 --- [restartedMain] o.h.engine.jdbc.spi.SqlExceptionHelper   : SQL Warning Code: 0, SQLState: 00000
2024-08-13T08:13:27.185+02:00  WARN 17124 --- [restartedMain] o.h.engine.jdbc.spi.SqlExceptionHelper   : tabela "order_item" nie istnieje, pominięto
2024-08-13T08:13:27.185+02:00  WARN 17124 --- [restartedMain] o.h.engine.jdbc.spi.SqlExceptionHelper   : SQL Warning Code: 0, SQLState: 00000
2024-08-13T08:13:27.185+02:00  WARN 17124 --- [restartedMain] o.h.engine.jdbc.spi.SqlExceptionHelper   : tabela "product" nie istnieje, pominięto
2024-08-13T08:13:27.186+02:00  WARN 17124 --- [restartedMain] o.h.engine.jdbc.spi.SqlExceptionHelper   : SQL Warning Code: 0, SQLState: 00000
2024-08-13T08:13:27.186+02:00  WARN 17124 --- [restartedMain] o.h.engine.jdbc.spi.SqlExceptionHelper   : tabela "role" nie istnieje, pominięto
2024-08-13T08:13:27.186+02:00  WARN 17124 --- [restartedMain] o.h.engine.jdbc.spi.SqlExceptionHelper   : SQL Warning Code: 0, SQLState: 00000
2024-08-13T08:13:27.186+02:00  WARN 17124 --- [restartedMain] o.h.engine.jdbc.spi.SqlExceptionHelper   : tabela "user" nie istnieje, pominięto
2024-08-13T08:13:27.187+02:00  WARN 17124 --- [restartedMain] o.h.engine.jdbc.spi.SqlExceptionHelper   : SQL Warning Code: 0, SQLState: 00000
2024-08-13T08:13:27.187+02:00  WARN 17124 --- [restartedMain] o.h.engine.jdbc.spi.SqlExceptionHelper   : tabela "product_discount" nie istnieje, pominięto
2024-08-13T08:13:27.278+02:00  INFO 17124 --- [restartedMain] j.LocalContainerEntityManagerFactoryBean : Initialized JPA EntityManagerFactory for persistence unit 'default'
2024-08-13T08:13:28.512+02:00  WARN 17124 --- [restartedMain] JpaBaseConfiguration$JpaWebConfiguration : spring.jpa.open-in-view is enabled by default. Therefore, database queries may be performed during view rendering. Explicitly configure spring.jpa.open-in-view to disable this warning
2024-08-13T08:13:28.545+02:00  INFO 17124 --- [restartedMain] eAuthenticationProviderManagerConfigurer : Global AuthenticationManager configured with AuthenticationProvider bean with name authenticationProvider
2024-08-13T08:13:28.546+02:00  WARN 17124 --- [restartedMain] r$InitializeUserDetailsManagerConfigurer : Global AuthenticationManager configured with an AuthenticationProvider bean. UserDetailsService beans will not be used for username/password login. Consider removing the AuthenticationProvider bean. Alternatively, consider using the UserDetailsService in a manually instantiated DaoAuthenticationProvider.
2024-08-13T08:13:29.240+02:00  INFO 17124 --- [restartedMain] o.s.b.d.a.OptionalLiveReloadServer       : LiveReload server is running on port 35729
2024-08-13T08:13:29.279+02:00  INFO 17124 --- [restartedMain] o.s.b.w.embedded.tomcat.TomcatWebServer  : Tomcat started on port 8088 (http) with context path '/'
2024-08-13T08:13:29.293+02:00  INFO 17124 --- [restartedMain] c.p.PerfumeOnlineStoreApplication        : Started PerfumeOnlineStoreApplication in 7.806 seconds (process running for 8.392)
2024-08-13T08:36:41.000+02:00  INFO 17124 --- [SpringApplicationShutdownHook] j.LocalContainerEntityManagerFactoryBean : Closing JPA EntityManagerFactory for persistence unit 'default'
2024-08-13T08:36:41.173+02:00  INFO 17124 --- [SpringApplicationShutdownHook] com.zaxxer.hikari.HikariDataSource       : HikariPool-1 - Shutdown initiated...
2024-08-13T08:36:41.193+02:00  INFO 17124 --- [SpringApplicationShutdownHook] com.zaxxer.hikari.HikariDataSource       : HikariPool-1 - Shutdown completed.
2024-08-13T08:36:46.180+02:00  INFO 21432 --- [restartedMain] c.p.PerfumeOnlineStoreApplication        : Starting PerfumeOnlineStoreApplication using Java 22.0.2 with PID 21432 (C:\Users\eka\Desktop\online-perfume-shopping\backend\target\classes started by eka in C:\Users\eka\Desktop\online-perfume-shopping)
2024-08-13T08:36:46.182+02:00  INFO 21432 --- [restartedMain] c.p.PerfumeOnlineStoreApplication        : No active profile set, falling back to 1 default profile: "default"
2024-08-13T08:36:46.236+02:00  INFO 21432 --- [restartedMain] .e.DevToolsPropertyDefaultsPostProcessor : Devtools property defaults active! Set 'spring.devtools.add-properties' to 'false' to disable
2024-08-13T08:36:46.236+02:00  INFO 21432 --- [restartedMain] .e.DevToolsPropertyDefaultsPostProcessor : For additional web related logging consider setting the 'logging.level.web' property to 'DEBUG'
2024-08-13T08:36:47.564+02:00  INFO 21432 --- [restartedMain] .s.d.r.c.RepositoryConfigurationDelegate : Bootstrapping Spring Data JPA repositories in DEFAULT mode.
2024-08-13T08:36:47.687+02:00  INFO 21432 --- [restartedMain] .s.d.r.c.RepositoryConfigurationDelegate : Finished Spring Data repository scanning in 112 ms. Found 8 JPA repository interfaces.
2024-08-13T08:36:48.440+02:00  INFO 21432 --- [restartedMain] o.s.b.w.embedded.tomcat.TomcatWebServer  : Tomcat initialized with port 8088 (http)
2024-08-13T08:36:48.457+02:00  INFO 21432 --- [restartedMain] o.apache.catalina.core.StandardService   : Starting service [Tomcat]
2024-08-13T08:36:48.457+02:00  INFO 21432 --- [restartedMain] o.apache.catalina.core.StandardEngine    : Starting Servlet engine: [Apache Tomcat/10.1.25]
2024-08-13T08:36:48.512+02:00  INFO 21432 --- [restartedMain] o.a.c.c.C.[Tomcat].[localhost].[/]       : Initializing Spring embedded WebApplicationContext
2024-08-13T08:36:48.513+02:00  INFO 21432 --- [restartedMain] w.s.c.ServletWebServerApplicationContext : Root WebApplicationContext: initialization completed in 2277 ms
2024-08-13T08:36:48.708+02:00  INFO 21432 --- [restartedMain] o.hibernate.jpa.internal.util.LogHelper  : HHH000204: Processing PersistenceUnitInfo [name: default]
2024-08-13T08:36:48.792+02:00  INFO 21432 --- [restartedMain] org.hibernate.Version                    : HHH000412: Hibernate ORM core version 6.5.2.Final
2024-08-13T08:36:48.841+02:00  INFO 21432 --- [restartedMain] o.h.c.internal.RegionFactoryInitiator    : HHH000026: Second-level cache disabled
2024-08-13T08:36:49.193+02:00  INFO 21432 --- [restartedMain] o.s.o.j.p.SpringPersistenceUnitInfo      : No LoadTimeWeaver setup: ignoring JPA class transformer
2024-08-13T08:36:49.226+02:00  INFO 21432 --- [restartedMain] com.zaxxer.hikari.HikariDataSource       : HikariPool-1 - Starting...
2024-08-13T08:36:49.583+02:00  INFO 21432 --- [restartedMain] com.zaxxer.hikari.pool.HikariPool        : HikariPool-1 - Added connection org.postgresql.jdbc.PgConnection@10d176e
2024-08-13T08:36:49.584+02:00  INFO 21432 --- [restartedMain] com.zaxxer.hikari.HikariDataSource       : HikariPool-1 - Start completed.
2024-08-13T08:36:49.631+02:00  WARN 21432 --- [restartedMain] org.hibernate.orm.deprecation            : HHH90000025: PostgreSQLDialect does not need to be specified explicitly using 'hibernate.dialect' (remove the property setting and it will be selected by default)
2024-08-13T08:36:50.828+02:00  INFO 21432 --- [restartedMain] o.h.e.t.j.p.i.JtaPlatformInitiator       : HHH000489: No JTA platform available (set 'hibernate.transaction.jta.platform' to enable JTA platform integration)
2024-08-13T08:36:50.850+02:00  WARN 21432 --- [restartedMain] o.h.engine.jdbc.spi.SqlExceptionHelper   : SQL Warning Code: 0, SQLState: 00000
2024-08-13T08:36:50.851+02:00  WARN 21432 --- [restartedMain] o.h.engine.jdbc.spi.SqlExceptionHelper   : relacja "order" nie istnieje, pominięto
2024-08-13T08:36:50.852+02:00  WARN 21432 --- [restartedMain] o.h.engine.jdbc.spi.SqlExceptionHelper   : SQL Warning Code: 0, SQLState: 00000
2024-08-13T08:36:50.852+02:00  WARN 21432 --- [restartedMain] o.h.engine.jdbc.spi.SqlExceptionHelper   : relacja "order_item" nie istnieje, pominięto
2024-08-13T08:36:50.853+02:00  WARN 21432 --- [restartedMain] o.h.engine.jdbc.spi.SqlExceptionHelper   : SQL Warning Code: 0, SQLState: 00000
2024-08-13T08:36:50.853+02:00  WARN 21432 --- [restartedMain] o.h.engine.jdbc.spi.SqlExceptionHelper   : relacja "order_item" nie istnieje, pominięto
2024-08-13T08:36:50.853+02:00  WARN 21432 --- [restartedMain] o.h.engine.jdbc.spi.SqlExceptionHelper   : SQL Warning Code: 0, SQLState: 00000
2024-08-13T08:36:50.853+02:00  WARN 21432 --- [restartedMain] o.h.engine.jdbc.spi.SqlExceptionHelper   : relacja "product" nie istnieje, pominięto
2024-08-13T08:36:50.854+02:00  WARN 21432 --- [restartedMain] o.h.engine.jdbc.spi.SqlExceptionHelper   : SQL Warning Code: 0, SQLState: 00000
2024-08-13T08:36:50.854+02:00  WARN 21432 --- [restartedMain] o.h.engine.jdbc.spi.SqlExceptionHelper   : relacja "refresh_token" nie istnieje, pominięto
2024-08-13T08:36:50.855+02:00  WARN 21432 --- [restartedMain] o.h.engine.jdbc.spi.SqlExceptionHelper   : SQL Warning Code: 0, SQLState: 00000
2024-08-13T08:36:50.855+02:00  WARN 21432 --- [restartedMain] o.h.engine.jdbc.spi.SqlExceptionHelper   : relacja "product_discount" nie istnieje, pominięto
2024-08-13T08:36:50.855+02:00  WARN 21432 --- [restartedMain] o.h.engine.jdbc.spi.SqlExceptionHelper   : SQL Warning Code: 0, SQLState: 00000
2024-08-13T08:36:50.855+02:00  WARN 21432 --- [restartedMain] o.h.engine.jdbc.spi.SqlExceptionHelper   : relacja "product_discount" nie istnieje, pominięto
2024-08-13T08:36:50.856+02:00  WARN 21432 --- [restartedMain] o.h.engine.jdbc.spi.SqlExceptionHelper   : SQL Warning Code: 0, SQLState: 00000
2024-08-13T08:36:50.856+02:00  WARN 21432 --- [restartedMain] o.h.engine.jdbc.spi.SqlExceptionHelper   : tabela "category" nie istnieje, pominięto
2024-08-13T08:36:50.857+02:00  WARN 21432 --- [restartedMain] o.h.engine.jdbc.spi.SqlExceptionHelper   : SQL Warning Code: 0, SQLState: 00000
2024-08-13T08:36:50.857+02:00  WARN 21432 --- [restartedMain] o.h.engine.jdbc.spi.SqlExceptionHelper   : tabela "discount" nie istnieje, pominięto
2024-08-13T08:36:50.857+02:00  WARN 21432 --- [restartedMain] o.h.engine.jdbc.spi.SqlExceptionHelper   : SQL Warning Code: 0, SQLState: 00000
2024-08-13T08:36:50.857+02:00  WARN 21432 --- [restartedMain] o.h.engine.jdbc.spi.SqlExceptionHelper   : tabela "order" nie istnieje, pominięto
2024-08-13T08:36:50.858+02:00  WARN 21432 --- [restartedMain] o.h.engine.jdbc.spi.SqlExceptionHelper   : SQL Warning Code: 0, SQLState: 00000
2024-08-13T08:36:50.858+02:00  WARN 21432 --- [restartedMain] o.h.engine.jdbc.spi.SqlExceptionHelper   : tabela "order_item" nie istnieje, pominięto
2024-08-13T08:36:50.858+02:00  WARN 21432 --- [restartedMain] o.h.engine.jdbc.spi.SqlExceptionHelper   : SQL Warning Code: 0, SQLState: 00000
2024-08-13T08:36:50.859+02:00  WARN 21432 --- [restartedMain] o.h.engine.jdbc.spi.SqlExceptionHelper   : tabela "product" nie istnieje, pominięto
2024-08-13T08:36:50.859+02:00  WARN 21432 --- [restartedMain] o.h.engine.jdbc.spi.SqlExceptionHelper   : SQL Warning Code: 0, SQLState: 00000
2024-08-13T08:36:50.859+02:00  WARN 21432 --- [restartedMain] o.h.engine.jdbc.spi.SqlExceptionHelper   : tabela "refresh_token" nie istnieje, pominięto
2024-08-13T08:36:50.860+02:00  WARN 21432 --- [restartedMain] o.h.engine.jdbc.spi.SqlExceptionHelper   : SQL Warning Code: 0, SQLState: 00000
2024-08-13T08:36:50.860+02:00  WARN 21432 --- [restartedMain] o.h.engine.jdbc.spi.SqlExceptionHelper   : tabela "role" nie istnieje, pominięto
2024-08-13T08:36:50.860+02:00  WARN 21432 --- [restartedMain] o.h.engine.jdbc.spi.SqlExceptionHelper   : SQL Warning Code: 0, SQLState: 00000
2024-08-13T08:36:50.860+02:00  WARN 21432 --- [restartedMain] o.h.engine.jdbc.spi.SqlExceptionHelper   : tabela "user" nie istnieje, pominięto
2024-08-13T08:36:50.861+02:00  WARN 21432 --- [restartedMain] o.h.engine.jdbc.spi.SqlExceptionHelper   : SQL Warning Code: 0, SQLState: 00000
2024-08-13T08:36:50.861+02:00  WARN 21432 --- [restartedMain] o.h.engine.jdbc.spi.SqlExceptionHelper   : tabela "product_discount" nie istnieje, pominięto
2024-08-13T08:36:50.949+02:00  INFO 21432 --- [restartedMain] j.LocalContainerEntityManagerFactoryBean : Initialized JPA EntityManagerFactory for persistence unit 'default'
2024-08-13T08:36:52.180+02:00  WARN 21432 --- [restartedMain] JpaBaseConfiguration$JpaWebConfiguration : spring.jpa.open-in-view is enabled by default. Therefore, database queries may be performed during view rendering. Explicitly configure spring.jpa.open-in-view to disable this warning
2024-08-13T08:36:52.208+02:00  INFO 21432 --- [restartedMain] eAuthenticationProviderManagerConfigurer : Global AuthenticationManager configured with AuthenticationProvider bean with name authenticationProvider
2024-08-13T08:36:52.208+02:00  WARN 21432 --- [restartedMain] r$InitializeUserDetailsManagerConfigurer : Global AuthenticationManager configured with an AuthenticationProvider bean. UserDetailsService beans will not be used for username/password login. Consider removing the AuthenticationProvider bean. Alternatively, consider using the UserDetailsService in a manually instantiated DaoAuthenticationProvider.
2024-08-13T08:36:52.828+02:00  INFO 21432 --- [restartedMain] o.s.b.d.a.OptionalLiveReloadServer       : LiveReload server is running on port 35729
2024-08-13T08:36:52.870+02:00  INFO 21432 --- [restartedMain] o.s.b.w.embedded.tomcat.TomcatWebServer  : Tomcat started on port 8088 (http) with context path '/'
2024-08-13T08:36:52.881+02:00  INFO 21432 --- [restartedMain] c.p.PerfumeOnlineStoreApplication        : Started PerfumeOnlineStoreApplication in 7.361 seconds (process running for 7.947)
